0 info it worked if it ends with ok
1 verbose cli [ 'node', '/usr/local/bin/npm', 'install', 'gem' ]
2 info using npm@1.5.0-alpha-1
3 info using node@v0.10.29
4 warn package.json partybid@0.0.0 No description
5 warn package.json partybid@0.0.0 No repository field.
6 warn package.json partybid@0.0.0 No README data
7 verbose readDependencies using package.json deps
8 verbose cache add [ 'gem', null ]
9 verbose cache add spec="gem" args=["gem",null]
10 verbose parsed spec { raw: 'gem',
10 verbose parsed spec   scope: null,
10 verbose parsed spec   name: 'gem',
10 verbose parsed spec   rawSpec: '',
10 verbose parsed spec   spec: '*',
10 verbose parsed spec   type: 'range' }
11 verbose addNamed [ 'gem', '*' ]
12 verbose addNamed [ null, '*' ]
13 silly lockFile 3a1e5fa9-gem gem@*
14 verbose lock gem@* /Users/TanghaoTsui/.npm/3a1e5fa9-gem.lock
15 silly addNameRange { name: 'gem', range: '*', hasData: false }
16 verbose mapToRegistry name gem
17 verbose mapToRegistry uri https://registry.npmjs.org/gem
18 verbose request where is /gem
19 verbose request registry https://registry.npmjs.org/
20 verbose request id d0fd1276a83dc922
21 verbose request url raw /gem
22 verbose request url resolving [ 'https://registry.npmjs.org/', './gem' ]
23 verbose request url resolved https://registry.npmjs.org/gem
24 verbose request where is https://registry.npmjs.org/gem
25 verbose request no basic auth needed
26 info trying registry request attempt 1 at 20:51:32
27 http GET https://registry.npmjs.org/gem
28 http 404 https://registry.npmjs.org/gem
29 verbose headers { date: 'Mon, 14 Jul 2014 12:51:34 GMT',
29 verbose headers   server: 'CouchDB/1.5.0 (Erlang OTP/R16B03)',
29 verbose headers   'content-type': 'application/json',
29 verbose headers   'cache-control': 'max-age=0',
29 verbose headers   'content-length': '52',
29 verbose headers   'accept-ranges': 'bytes',
29 verbose headers   via: '1.1 varnish',
29 verbose headers   age: '0',
29 verbose headers   'x-served-by': 'cache-hk91-HKG',
29 verbose headers   'x-cache': 'MISS',
29 verbose headers   'x-cache-hits': '0',
29 verbose headers   'x-timer': 'S1405342294.644229,VS0,VE231',
29 verbose headers   'keep-alive': 'timeout=10, max=50',
29 verbose headers   connection: 'Keep-Alive' }
30 silly registry.get cb [ 404,
30 silly registry.get   { date: 'Mon, 14 Jul 2014 12:51:34 GMT',
30 silly registry.get     server: 'CouchDB/1.5.0 (Erlang OTP/R16B03)',
30 silly registry.get     'content-type': 'application/json',
30 silly registry.get     'cache-control': 'max-age=0',
30 silly registry.get     'content-length': '52',
30 silly registry.get     'accept-ranges': 'bytes',
30 silly registry.get     via: '1.1 varnish',
30 silly registry.get     age: '0',
30 silly registry.get     'x-served-by': 'cache-hk91-HKG',
30 silly registry.get     'x-cache': 'MISS',
30 silly registry.get     'x-cache-hits': '0',
30 silly registry.get     'x-timer': 'S1405342294.644229,VS0,VE231',
30 silly registry.get     'keep-alive': 'timeout=10, max=50',
30 silly registry.get     connection: 'Keep-Alive' } ]
31 silly lockFile 3a1e5fa9-gem gem@*
32 silly lockFile 3a1e5fa9-gem gem@*
33 error 404 404 Not Found: gem
33 error 404
33 error 404 'gem' is not in the npm registry.
33 error 404 You should bug the author to publish it
33 error 404 It was specified as a dependency of 'partybid'
33 error 404
33 error 404 Note that you can also install from a
33 error 404 tarball, folder, or http url, or git url.
34 error System Darwin 13.3.0
35 error command "node" "/usr/local/bin/npm" "install" "gem"
36 error cwd /Users/TanghaoTsui/Documents/study/party_bid
37 error node -v v0.10.29
38 error npm -v 1.5.0-alpha-1
39 error code E404
40 verbose exit [ 1, true ]
